INFO: latexindent.exe version 3.8.2, 2020-06-10, a script to indent .tex files
      latexindent.exe lives here: D:/Dev/latexindent/
      Tue Oct 20 20:12:32 2020
      Filename: d:/Dev/procAnim/paper/chapters/__latexindent_temp.tex
INFO: Processing switches:
      -y|--yaml: YAML settings specified via command line
      -c|--cruft: cruft directory
INFO: Directory for backup files and d:/Dev/procAnim/paper//indent.log: d:/Dev/procAnim/paper/
INFO: YAML settings read: defaultSettings.yaml
      Reading defaultSettings.yaml from D:/Dev/latexindent/defaultSettings.yaml
INFO: YAML settings read: indentconfig.yaml or .indentconfig.yaml
      Home directory is C:\Users\Trag0zPC (didn't find either indentconfig.yaml or .indentconfig.yaml)
      To specify user settings you would put indentconfig.yaml here: C:\Users\Trag0zPC/indentconfig.yaml
      Alternatively, you can use the hidden file .indentconfig.yaml as: C:\Users\Trag0zPC/.indentconfig.yaml
INFO: YAML settings read: -y switch
      Updating masterSettings with defaultIndent:     
INFO: Phase 1: searching for objects
INFO: Phase 2: finding surrounding indentation
INFO: Phase 3: indenting objects
INFO: Phase 4: final indentation check
INFO: Output routine:
      Not outputting to file; see -w and -o switches for more options.
      --------------
INFO: Please direct all communication/issues to:
      https://github.com/cmhughes/latexindent.pl
